<?xml version="1.0" encoding="UTF-8"?>
<coverage generated="1545648333246" clover="3.2.0">
  <project timestamp="1545648333246" name="All files">
    <metrics statements="23" coveredstatements="5" conditionals="16" coveredconditionals="4" methods="6" coveredmethods="4" elements="45" coveredelements="13" complexity="0" loc="23" ncloc="23" packages="1" files="1" classes="1">
      <file name="helpers.js" path="C:\Alexander\it\chernetsky-js-project\js\helpers.js">
        <metrics statements="23" coveredstatements="5" conditionals="16" coveredconditionals="4" methods="6" coveredmethods="4"/>
        <line num="9" count="0" type="stmt"/>
        <line num="25" count="0" type="cond" truecount="0" falsecount="2"/>
        <line num="26" count="0" type="stmt"/>
        <line num="27" count="0" type="stmt"/>
        <line num="28" count="0" type="stmt"/>
        <line num="39" count="4" type="cond" truecount="2" falsecount="0"/>
        <line num="50" count="4" type="stmt"/>
        <line num="62" count="1" type="stmt"/>
        <line num="63" count="40" type="cond" truecount="2" falsecount="0"/>
        <line num="70" count="1" type="stmt"/>
        <line num="77" count="0" type="cond" truecount="0" falsecount="2"/>
        <line num="78" count="0" type="cond" truecount="0" falsecount="2"/>
        <line num="79" count="0" type="stmt"/>
        <line num="80" count="0" type="stmt"/>
        <line num="82" count="0" type="cond" truecount="0" falsecount="4"/>
        <line num="83" count="0" type="stmt"/>
        <line num="84" count="0" type="stmt"/>
        <line num="86" count="0" type="cond" truecount="0" falsecount="2"/>
        <line num="87" count="0" type="stmt"/>
        <line num="88" count="0" type="stmt"/>
        <line num="91" count="0" type="stmt"/>
        <line num="92" count="0" type="stmt"/>
        <line num="93" count="0" type="stmt"/>
      </file>
    </metrics>
  </project>
</coverage>
