{"C:\\Alexander\\it\\chernetsky-js-project\\js\\helpers.js": {"path":"C:\\Alexander\\it\\chernetsky-js-project\\js\\helpers.js","statementMap":{"0":{"start":{"line":9,"column":2},"end":{"line":15,"column":5}},"1":{"start":{"line":25,"column":2},"end":{"line":25,"column":26}},"2":{"start":{"line":26,"column":21},"end":{"line":26,"column":52}},"3":{"start":{"line":27,"column":2},"end":{"line":27,"column":30}},"4":{"start":{"line":28,"column":2},"end":{"line":28,"column":20}},"5":{"start":{"line":39,"column":2},"end":{"line":39,"column":56}},"6":{"start":{"line":50,"column":2},"end":{"line":50,"column":73}},"7":{"start":{"line":62,"column":2},"end":{"line":64,"column":27}},"8":{"start":{"line":63,"column":30},"end":{"line":63,"column":70}},"9":{"start":{"line":70,"column":32},"end":{"line":95,"column":1}},"10":{"start":{"line":77,"column":4},"end":{"line":90,"column":5}},"11":{"start":{"line":78,"column":6},"end":{"line":81,"column":7}},"12":{"start":{"line":79,"column":8},"end":{"line":79,"column":52}},"13":{"start":{"line":80,"column":8},"end":{"line":80,"column":54}},"14":{"start":{"line":82,"column":6},"end":{"line":85,"column":7}},"15":{"start":{"line":83,"column":8},"end":{"line":83,"column":71}},"16":{"start":{"line":84,"column":8},"end":{"line":84,"column":73}},"17":{"start":{"line":86,"column":6},"end":{"line":89,"column":7}},"18":{"start":{"line":87,"column":8},"end":{"line":87,"column":73}},"19":{"start":{"line":88,"column":8},"end":{"line":88,"column":75}},"20":{"start":{"line":91,"column":4},"end":{"line":91,"column":26}},"21":{"start":{"line":92,"column":4},"end":{"line":92,"column":24}},"22":{"start":{"line":93,"column":4},"end":{"line":93,"column":16}}},"fnMap":{"0":{"name":"fetchRequest","decl":{"start":{"line":8,"column":16},"end":{"line":8,"column":28}},"loc":{"start":{"line":8,"column":38},"end":{"line":16,"column":1}},"line":8},"1":{"name":"askUser","decl":{"start":{"line":24,"column":16},"end":{"line":24,"column":23}},"loc":{"start":{"line":24,"column":28},"end":{"line":29,"column":1}},"line":24},"2":{"name":"checkFrameNo","decl":{"start":{"line":38,"column":16},"end":{"line":38,"column":28}},"loc":{"start":{"line":38,"column":38},"end":{"line":40,"column":1}},"line":38},"3":{"name":"randomObstacleXCoordinate","decl":{"start":{"line":49,"column":16},"end":{"line":49,"column":41}},"loc":{"start":{"line":49,"column":72},"end":{"line":51,"column":1}},"line":49},"4":{"name":"prepareLeaderboardArr","decl":{"start":{"line":61,"column":16},"end":{"line":61,"column":37}},"loc":{"start":{"line":61,"column":56},"end":{"line":65,"column":1}},"line":61},"5":{"name":"(anonymous_5)","decl":{"start":{"line":63,"column":10},"end":{"line":63,"column":11}},"loc":{"start":{"line":63,"column":30},"end":{"line":63,"column":70}},"line":63}},"branchMap":{"0":{"loc":{"start":{"line":25,"column":7},"end":{"line":25,"column":25}},"type":"binary-expr","locations":[{"start":{"line":25,"column":7},"end":{"line":25,"column":9}},{"start":{"line":25,"column":13},"end":{"line":25,"column":25}}],"line":25},"1":{"loc":{"start":{"line":39,"column":9},"end":{"line":39,"column":55}},"type":"binary-expr","locations":[{"start":{"line":39,"column":10},"end":{"line":39,"column":23}},{"start":{"line":39,"column":29},"end":{"line":39,"column":54}}],"line":39},"2":{"loc":{"start":{"line":63,"column":30},"end":{"line":63,"column":70}},"type":"cond-expr","locations":[{"start":{"line":63,"column":64},"end":{"line":63,"column":65}},{"start":{"line":63,"column":68},"end":{"line":63,"column":70}}],"line":63},"3":{"loc":{"start":{"line":77,"column":4},"end":{"line":90,"column":5}},"type":"if","locations":[{"start":{"line":77,"column":4},"end":{"line":90,"column":5}},{"start":{"line":77,"column":4},"end":{"line":90,"column":5}}],"line":77},"4":{"loc":{"start":{"line":78,"column":6},"end":{"line":81,"column":7}},"type":"if","locations":[{"start":{"line":78,"column":6},"end":{"line":81,"column":7}},{"start":{"line":78,"column":6},"end":{"line":81,"column":7}}],"line":78},"5":{"loc":{"start":{"line":82,"column":6},"end":{"line":85,"column":7}},"type":"if","locations":[{"start":{"line":82,"column":6},"end":{"line":85,"column":7}},{"start":{"line":82,"column":6},"end":{"line":85,"column":7}}],"line":82},"6":{"loc":{"start":{"line":82,"column":10},"end":{"line":82,"column":51}},"type":"binary-expr","locations":[{"start":{"line":82,"column":10},"end":{"line":82,"column":30}},{"start":{"line":82,"column":34},"end":{"line":82,"column":51}}],"line":82},"7":{"loc":{"start":{"line":86,"column":6},"end":{"line":89,"column":7}},"type":"if","locations":[{"start":{"line":86,"column":6},"end":{"line":89,"column":7}},{"start":{"line":86,"column":6},"end":{"line":89,"column":7}}],"line":86}},"s":{"0":0,"1":0,"2":0,"3":0,"4":0,"5":4,"6":4,"7":1,"8":40,"9":1,"10":0,"11":0,"12":0,"13":0,"14":0,"15":0,"16":0,"17":0,"18":0,"19":0,"20":0,"21":0,"22":0},"f":{"0":0,"1":0,"2":4,"3":4,"4":1,"5":40},"b":{"0":[0,0],"1":[4,3],"2":[23,17],"3":[0,0],"4":[0,0],"5":[0,0],"6":[0,0],"7":[0,0]},"_coverageSchema":"332fd63041d2c1bcb487cc26dd0d5f7d97098a6c","hash":"41025903c5d9a9a292398244e60d32c513b380c7"}
}
