TN:
SF:C:\Alexander\it\chernetsky-js-project\js\helpers.js
FN:8,fetchRequest
FN:24,askUser
FN:38,checkFrameNo
FN:49,randomObstacleXCoordinate
FN:61,prepareLeaderboardArr
FN:63,(anonymous_5)
FNF:6
FNH:4
FNDA:0,fetchRequest
FNDA:0,askUser
FNDA:4,checkFrameNo
FNDA:4,randomObstacleXCoordinate
FNDA:1,prepareLeaderboardArr
FNDA:40,(anonymous_5)
DA:9,0
DA:25,0
DA:26,0
DA:27,0
DA:28,0
DA:39,4
DA:50,4
DA:62,1
DA:63,40
DA:70,1
DA:77,0
DA:78,0
DA:79,0
DA:80,0
DA:82,0
DA:83,0
DA:84,0
DA:86,0
DA:87,0
DA:88,0
DA:91,0
DA:92,0
DA:93,0
LF:23
LH:5
BRDA:25,0,0,0
BRDA:25,0,1,0
BRDA:39,1,0,4
BRDA:39,1,1,3
BRDA:63,2,0,23
BRDA:63,2,1,17
BRDA:77,3,0,0
BRDA:77,3,1,0
BRDA:78,4,0,0
BRDA:78,4,1,0
BRDA:82,5,0,0
BRDA:82,5,1,0
BRDA:82,6,0,0
BRDA:82,6,1,0
BRDA:86,7,0,0
BRDA:86,7,1,0
BRF:16
BRH:4
end_of_record
